<?xml version="1.0" encoding="UTF-8"?>
<coverage generated="1694528587166" clover="3.2.0">
  <project timestamp="1694528587167" name="All files">
    <metrics statements="3" coveredstatements="3" conditionals="2" coveredconditionals="1" methods="1" coveredmethods="1" elements="6" coveredelements="5" complexity="0" loc="3" ncloc="3" packages="1" files="1" classes="1"/>
    <file name="Button.jsx" path="C:\laboratoria-yanet\Git\DEV007-burger-queen-api-client\src\components\button\Button.jsx">
      <metrics statements="3" coveredstatements="3" conditionals="2" coveredconditionals="1" methods="1" coveredmethods="1"/>
      <line num="6" count="1" type="stmt"/>
      <line num="7" count="1" type="stmt"/>
      <line num="14" count="1" type="stmt"/>
    </file>
  </project>
</coverage>
