{"C:\\laboratoria-yanet\\Git\\DEV007-burger-queen-api-client\\src\\components\\button\\Button.jsx": {"path":"C:\\laboratoria-yanet\\Git\\DEV007-burger-queen-api-client\\src\\components\\button\\Button.jsx","statementMap":{"0":{"start":{"line":6,"column":15},"end":{"line":12,"column":1}},"1":{"start":{"line":7,"column":2},"end":{"line":11,"column":4}},"2":{"start":{"line":14,"column":0},"end":{"line":20,"column":2}}},"fnMap":{"0":{"name":"(anonymous_0)","decl":{"start":{"line":6,"column":15},"end":{"line":6,"column":16}},"loc":{"start":{"line":6,"column":26},"end":{"line":12,"column":1}},"line":6}},"branchMap":{"0":{"loc":{"start":{"line":9,"column":23},"end":{"line":9,"column":86}},"type":"binary-expr","locations":[{"start":{"line":9,"column":23},"end":{"line":9,"column":33}},{"start":{"line":9,"column":37},"end":{"line":9,"column":86}}],"line":9}},"s":{"0":1,"1":1,"2":1},"f":{"0":1},"b":{"0":[1,0]},"_coverageSchema":"1a1c01bbd47fc00a2c39e90264f33305004495a9","hash":"75980e301493ff4c9586ba976da0bf5f2fa79720"}
}
